{"C:\\Users\\admin\\Desktop\\Namaste React\\Swiggy-clone-project\\src\\components\\Contact.js": {"path":"C:\\Users\\admin\\Desktop\\Namaste React\\Swiggy-clone-project\\src\\components\\Contact.js","statementMap":{"0":{"start":{"line":1,"column":16},"end":{"line":12,"column":1}},"1":{"start":{"line":2,"column":4},"end":{"line":11,"column":6}}},"fnMap":{"0":{"name":"(anonymous_0)","decl":{"start":{"line":1,"column":16},"end":{"line":1,"column":17}},"loc":{"start":{"line":1,"column":22},"end":{"line":12,"column":1}},"line":1}},"branchMap":{},"s":{"0":1,"1":4},"f":{"0":4},"b":{},"_coverageSchema":"1a1c01bbd47fc00a2c39e90264f33305004495a9","hash":"7b23b3c74528cd66d29280edfdee5c00234f4025"}
,"C:\\Users\\admin\\Desktop\\Namaste React\\Swiggy-clone-project\\src\\components\\Sum.js": {"path":"C:\\Users\\admin\\Desktop\\Namaste React\\Swiggy-clone-project\\src\\components\\Sum.js","statementMap":{"0":{"start":{"line":1,"column":19},"end":{"line":3,"column":1}},"1":{"start":{"line":2,"column":4},"end":{"line":2,"column":15}}},"fnMap":{"0":{"name":"(anonymous_0)","decl":{"start":{"line":1,"column":19},"end":{"line":1,"column":20}},"loc":{"start":{"line":1,"column":28},"end":{"line":3,"column":1}},"line":1}},"branchMap":{},"s":{"0":1,"1":1},"f":{"0":1},"b":{},"_coverageSchema":"1a1c01bbd47fc00a2c39e90264f33305004495a9","hash":"7ff2147f0ef7c86728ae11511080923d10793a73"}
}
